<?xml version="1.0" encoding="UTF-8"?>
<!-- Generated by org.testng.reporters.JUnitReportReporter -->
<testsuite skipped="0" hostname="LAPTOP-R0FI7S9S" name="test.AddContactTest" tests="1" failures="0" timestamp="09 Feb 2023 05:39:07 GMT" time="14.651" errors="0">
  <testcase name="userShouldBeAbleToAddCustomerFromListCustomer" time="14.651" classname="test.AddContactTest"/>
</testsuite> <!-- test.AddContactTest -->
