<?xml version="1.0" encoding="UTF-8"?>
<!-- Generated by org.testng.reporters.JUnitReportReporter -->
<testsuite skipped="0" hostname="LAPTOP-R0FI7S9S" name="test.LoginTest" tests="1" failures="0" timestamp="09 Feb 2023 05:32:14 GMT" time="21.298" errors="0">
  <testcase name="validUserShouldBeAbleToLogin" time="21.298" classname="test.LoginTest"/>
</testsuite> <!-- test.LoginTest -->
